Arguments: 
  /usr/local/bin/node /Users/brysontang/Development/.yarn/releases/yarn-1.18.0.cjs init

PATH: 
  /Users/brysontang/.cabal/bin:/Users/brysontang/.ghcup/bin:/opt/homebrew/opt/libpq/bin:/usr/local/opt/libpq/bin:/Users/brysontang/miniforge3/bin:/Users/brysontang/miniforge3/condabin:/Users/brysontang/go/bin:/opt/homebrew/bin:/usr/local/bin:/usr/bin:/bin:/usr/sbin:/sbin:/Users/brysontang/.composer/vendor/bin:/Library/TeX/texbin:/usr/local/go/bin:/usr/local/MacGPG2/bin:/usr/local/mysql/bin:/Library/Apple/usr/bin:/Applications/Postgres.app/Contents/Versions/latest/bin

Yarn version: 
  1.18.0

Node version: 
  16.14.0

Platform: 
  darwin arm64

Trace: 
  Error: canceled
      at Interface.<anonymous> (/Users/brysontang/Development/.yarn/releases/yarn-1.18.0.cjs:131183:13)
      at Interface.emit (node:events:520:28)
      at Interface._ttyWrite (node:readline:1081:16)
      at ReadStream.onkeypress (node:readline:288:10)
      at ReadStream.emit (node:events:520:28)
      at emitKeys (node:internal/readline/utils:358:14)
      at emitKeys.next (<anonymous>)
      at ReadStream.onData (node:internal/readline/emitKeypressEvents:61:36)
      at ReadStream.emit (node:events:520:28)
      at addChunk (node:internal/streams/readable:315:12)

npm manifest: 
  {
    "name": "let_w__new_world",
    "version": "1.0.0",
    "description": "Install [Nodejs](https://nodejs.org/en/download)",
    "main": "chat.js",
    "scripts": {
      "build": "tsc",
      "dev": "tsc-watch"
    },
    "repository": {
      "type": "git",
      "url": "git+https://github.com/Bryt12/let-w--new-World.git"
    },
    "author": "",
    "license": "ISC",
    "bugs": {
      "url": "https://github.com/Bryt12/let-w--new-World/issues"
    },
    "homepage": "https://github.com/Bryt12/let-w--new-World#readme",
    "dependencies": {
      "@types/p5": "^1.6.0",
      "p5": "^1.6.0",
      "typescript": "^5.0.4"
    },
    "devDependencies": {
      "tsc-watch": "^6.0.0"
    }
  }

yarn manifest: 
  No manifest

Lockfile: 
  No lockfile
